
   (_)                          | |               | |
    _  ___  ___  ___ __ _ ______| |__   ___   ___ | |_ 
   | |/ _ \/ _ \/ __/ _` |______| '_ \ / _ \ / _ \| __|
   | |  __/  __/ (_| (_| |      | |_) | (_) | (_) | |_ 
   | |\___|\___|\___\__, |      |_.__/ \___/ \___/ \__|
  _/ |               __/ |                             
 |__/               |___/



Jeecg  Boot Version: 3.4.2
Spring Boot Version: 2.6.6 (v2.6.6)


2022-12-02 10:52:05.534 [main] [34mINFO [0;39m [36morg.jeecg.JeecgSystemApplication:55[0;39m - Starting JeecgSystemApplication v3.4.2 using Java 1.8.0_272 on localhost.localdomain with PID 10627 (/home/kong_kong_std/gnss_c_java/jeecg-boot-master/jeecg-module-system/jeecg-system-start/target/jeecg-system-start-3.4.2.jar started by kong_kong_std in /home/kong_kong_std/gnss_c_java/jeecg-boot-master/jeecg-module-system/jeecg-system-start/target)
2022-12-02 10:52:05.538 [main] [34mINFO [0;39m [36morg.jeecg.JeecgSystemApplication:646[0;39m - The following 1 profile is active: "dev"
2022-12-02 10:52:05.544 [background-preinit] [34mINFO [0;39m [36morg.hibernate.validator.internal.util.Version:21[0;39m - HV000001: Hibernate Validator 6.2.3.Final
2022-12-02 10:52:07.139 [main] [34mINFO [0;39m [36mo.s.d.r.config.RepositoryConfigurationDelegate:262[0;39m - Multiple Spring Data modules found, entering strict repository configuration mode!
2022-12-02 10:52:07.140 [main] [34mINFO [0;39m [36mo.s.d.r.config.RepositoryConfigurationDelegate:132[0;39m - Bootstrapping Spring Data MongoDB repositories in DEFAULT mode.
2022-12-02 10:52:07.188 [main] [34mINFO [0;39m [36mo.s.d.r.config.RepositoryConfigurationDelegate:201[0;39m - Finished Spring Data repository scanning in 45 ms. Found 0 MongoDB repository interfaces.
2022-12-02 10:52:07.195 [main] [34mINFO [0;39m [36mo.s.d.r.config.RepositoryConfigurationDelegate:262[0;39m - Multiple Spring Data modules found, entering strict repository configuration mode!
2022-12-02 10:52:07.196 [main] [34mINFO [0;39m [36mo.s.d.r.config.RepositoryConfigurationDelegate:132[0;39m - Bootstrapping Spring Data Redis repositories in DEFAULT mode.
2022-12-02 10:52:07.211 [main] [34mINFO [0;39m [36mo.s.d.r.config.RepositoryConfigurationDelegate:201[0;39m - Finished Spring Data repository scanning in 8 ms. Found 0 Redis repository interfaces.
2022-12-02 10:52:07.324 [main] [34mINFO [0;39m [36mo.j.minidao.auto.MinidaoAutoConfiguration:23[0;39m -  ******************* init miniDao config [ begin ] *********************** 
2022-12-02 10:52:07.324 [main] [34mINFO [0;39m [36mo.j.minidao.auto.MinidaoAutoConfiguration:25[0;39m -  ------ minidao.base-package ------- org.jeecg.modules.jmreport.*
2022-12-02 10:52:07.325 [main] [34mINFO [0;39m [36mo.j.minidao.auto.MinidaoAutoConfiguration:42[0;39m -  *******************  init miniDao config  [ end ] *********************** 
2022-12-02 10:52:07.367 [main] [34mINFO [0;39m [36mo.j.minidao.factory.MiniDaoClassPathMapperScanner:48[0;39m - register minidao name is { org.jeecg.modules.jmreport.desreport.dao.JimuReportDao }
2022-12-02 10:52:07.368 [main] [34mINFO [0;39m [36mo.j.minidao.factory.MiniDaoClassPathMapperScanner:48[0;39m - register minidao name is { org.jeecg.modules.jmreport.desreport.dao.JimuReportDataSourceDao }
2022-12-02 10:52:07.369 [main] [34mINFO [0;39m [36mo.j.minidao.factory.MiniDaoClassPathMapperScanner:48[0;39m - register minidao name is { org.jeecg.modules.jmreport.desreport.dao.JimuReportDbDao }
2022-12-02 10:52:07.369 [main] [34mINFO [0;39m [36mo.j.minidao.factory.MiniDaoClassPathMapperScanner:48[0;39m - register minidao name is { org.jeecg.modules.jmreport.desreport.dao.JimuReportDbFieldDao }
2022-12-02 10:52:07.369 [main] [34mINFO [0;39m [36mo.j.minidao.factory.MiniDaoClassPathMapperScanner:48[0;39m - register minidao name is { org.jeecg.modules.jmreport.desreport.dao.JimuReportDbParamDao }
2022-12-02 10:52:07.369 [main] [34mINFO [0;39m [36mo.j.minidao.factory.MiniDaoClassPathMapperScanner:48[0;39m - register minidao name is { org.jeecg.modules.jmreport.desreport.dao.JimuReportDictDao }
2022-12-02 10:52:07.369 [main] [34mINFO [0;39m [36mo.j.minidao.factory.MiniDaoClassPathMapperScanner:48[0;39m - register minidao name is { org.jeecg.modules.jmreport.desreport.dao.JimuReportDictItemDao }
2022-12-02 10:52:07.369 [main] [34mINFO [0;39m [36mo.j.minidao.factory.MiniDaoClassPathMapperScanner:48[0;39m - register minidao name is { org.jeecg.modules.jmreport.desreport.dao.JimuReportLinkDao }
2022-12-02 10:52:07.370 [main] [34mINFO [0;39m [36mo.j.minidao.factory.MiniDaoClassPathMapperScanner:48[0;39m - register minidao name is { org.jeecg.modules.jmreport.desreport.dao.JimuReportMapDao }
2022-12-02 10:52:07.370 [main] [34mINFO [0;39m [36mo.j.minidao.factory.MiniDaoClassPathMapperScanner:48[0;39m - register minidao name is { org.jeecg.modules.jmreport.desreport.dao.JimuReportShareDao }
2022-12-02 10:52:07.619 [main] [34mINFO [0;39m [36mo.s.c.s.PostProcessorRegistrationDelegate$BeanPostProcessorChecker:376[0;39m - Bean '(inner bean)#5456afaa#9' of type [org.jeecgframework.minidao.aop.MiniDaoHandler] is not eligible for getting processed by all BeanPostProcessors (for example: not eligible for auto-proxying)
2022-12-02 10:52:07.625 [main] [34mINFO [0;39m [36mo.s.c.s.PostProcessorRegistrationDelegate$BeanPostProcessorChecker:376[0;39m - Bean 'jimuReportShareDao' of type [org.jeecgframework.minidao.factory.MiniDaoBeanFactory] is not eligible for getting processed by all BeanPostProcessors (for example: not eligible for auto-proxying)
2022-12-02 10:52:07.626 [main] [34mINFO [0;39m [36mo.s.c.s.PostProcessorRegistrationDelegate$BeanPostProcessorChecker:376[0;39m - Bean '(inner bean)#5456afaa#8' of type [org.jeecgframework.minidao.aop.MiniDaoHandler] is not eligible for getting processed by all BeanPostProcessors (for example: not eligible for auto-proxying)
2022-12-02 10:52:07.627 [main] [34mINFO [0;39m [36mo.s.c.s.PostProcessorRegistrationDelegate$BeanPostProcessorChecker:376[0;39m - Bean 'jimuReportMapDao' of type [org.jeecgframework.minidao.factory.MiniDaoBeanFactory] is not eligible for getting processed by all BeanPostProcessors (for example: not eligible for auto-proxying)
2022-12-02 10:52:07.628 [main] [34mINFO [0;39m [36mo.s.c.s.PostProcessorRegistrationDelegate$BeanPostProcessorChecker:376[0;39m - Bean '(inner bean)#5456afaa#7' of type [org.jeecgframework.minidao.aop.MiniDaoHandler] is not eligible for getting processed by all BeanPostProcessors (for example: not eligible for auto-proxying)
2022-12-02 10:52:07.629 [main] [34mINFO [0;39m [36mo.s.c.s.PostProcessorRegistrationDelegate$BeanPostProcessorChecker:376[0;39m - Bean 'jimuReportLinkDao' of type [org.jeecgframework.minidao.factory.MiniDaoBeanFactory] is not eligible for getting processed by all BeanPostProcessors (for example: not eligible for auto-proxying)
2022-12-02 10:52:07.629 [main] [34mINFO [0;39m [36mo.s.c.s.PostProcessorRegistrationDelegate$BeanPostProcessorChecker:376[0;39m - Bean '(inner bean)#5456afaa#6' of type [org.jeecgframework.minidao.aop.MiniDaoHandler] is not eligible for getting processed by all BeanPostProcessors (for example: not eligible for auto-proxying)
2022-12-02 10:52:07.630 [main] [34mINFO [0;39m [36mo.s.c.s.PostProcessorRegistrationDelegate$BeanPostProcessorChecker:376[0;39m - Bean 'jimuReportDictItemDao' of type [org.jeecgframework.minidao.factory.MiniDaoBeanFactory] is not eligible for getting processed by all BeanPostProcessors (for example: not eligible for auto-proxying)
2022-12-02 10:52:07.630 [main] [34mINFO [0;39m [36mo.s.c.s.PostProcessorRegistrationDelegate$BeanPostProcessorChecker:376[0;39m - Bean '(inner bean)#5456afaa#5' of type [org.jeecgframework.minidao.aop.MiniDaoHandler] is not eligible for getting processed by all BeanPostProcessors (for example: not eligible for auto-proxying)
2022-12-02 10:52:07.631 [main] [34mINFO [0;39m [36mo.s.c.s.PostProcessorRegistrationDelegate$BeanPostProcessorChecker:376[0;39m - Bean 'jimuReportDictDao' of type [org.jeecgframework.minidao.factory.MiniDaoBeanFactory] is not eligible for getting processed by all BeanPostProcessors (for example: not eligible for auto-proxying)
2022-12-02 10:52:07.631 [main] [34mINFO [0;39m [36mo.s.c.s.PostProcessorRegistrationDelegate$BeanPostProcessorChecker:376[0;39m - Bean '(inner bean)#5456afaa#4' of type [org.jeecgframework.minidao.aop.MiniDaoHandler] is not eligible for getting processed by all BeanPostProcessors (for example: not eligible for auto-proxying)
2022-12-02 10:52:07.632 [main] [34mINFO [0;39m [36mo.s.c.s.PostProcessorRegistrationDelegate$BeanPostProcessorChecker:376[0;39m - Bean 'jimuReportDbParamDao' of type [org.jeecgframework.minidao.factory.MiniDaoBeanFactory] is not eligible for getting processed by all BeanPostProcessors (for example: not eligible for auto-proxying)
2022-12-02 10:52:07.633 [main] [34mINFO [0;39m [36mo.s.c.s.PostProcessorRegistrationDelegate$BeanPostProcessorChecker:376[0;39m - Bean '(inner bean)#5456afaa#3' of type [org.jeecgframework.minidao.aop.MiniDaoHandler] is not eligible for getting processed by all BeanPostProcessors (for example: not eligible for auto-proxying)
2022-12-02 10:52:07.633 [main] [34mINFO [0;39m [36mo.s.c.s.PostProcessorRegistrationDelegate$BeanPostProcessorChecker:376[0;39m - Bean 'jimuReportDbFieldDao' of type [org.jeecgframework.minidao.factory.MiniDaoBeanFactory] is not eligible for getting processed by all BeanPostProcessors (for example: not eligible for auto-proxying)
2022-12-02 10:52:07.634 [main] [34mINFO [0;39m [36mo.s.c.s.PostProcessorRegistrationDelegate$BeanPostProcessorChecker:376[0;39m - Bean '(inner bean)#5456afaa#2' of type [org.jeecgframework.minidao.aop.MiniDaoHandler] is not eligible for getting processed by all BeanPostProcessors (for example: not eligible for auto-proxying)
2022-12-02 10:52:07.635 [main] [34mINFO [0;39m [36mo.s.c.s.PostProcessorRegistrationDelegate$BeanPostProcessorChecker:376[0;39m - Bean 'jimuReportDbDao' of type [org.jeecgframework.minidao.factory.MiniDaoBeanFactory] is not eligible for getting processed by all BeanPostProcessors (for example: not eligible for auto-proxying)
2022-12-02 10:52:07.635 [main] [34mINFO [0;39m [36mo.s.c.s.PostProcessorRegistrationDelegate$BeanPostProcessorChecker:376[0;39m - Bean '(inner bean)#5456afaa#1' of type [org.jeecgframework.minidao.aop.MiniDaoHandler] is not eligible for getting processed by all BeanPostProcessors (for example: not eligible for auto-proxying)
2022-12-02 10:52:07.636 [main] [34mINFO [0;39m [36mo.s.c.s.PostProcessorRegistrationDelegate$BeanPostProcessorChecker:376[0;39m - Bean 'jimuReportDataSourceDao' of type [org.jeecgframework.minidao.factory.MiniDaoBeanFactory] is not eligible for getting processed by all BeanPostProcessors (for example: not eligible for auto-proxying)
2022-12-02 10:52:07.637 [main] [34mINFO [0;39m [36mo.s.c.s.PostProcessorRegistrationDelegate$BeanPostProcessorChecker:376[0;39m - Bean '(inner bean)#5456afaa' of type [org.jeecgframework.minidao.aop.MiniDaoHandler] is not eligible for getting processed by all BeanPostProcessors (for example: not eligible for auto-proxying)
2022-12-02 10:52:07.638 [main] [34mINFO [0;39m [36mo.s.c.s.PostProcessorRegistrationDelegate$BeanPostProcessorChecker:376[0;39m - Bean 'jimuReportDao' of type [org.jeecgframework.minidao.factory.MiniDaoBeanFactory] is not eligible for getting processed by all BeanPostProcessors (for example: not eligible for auto-proxying)
2022-12-02 10:52:07.655 [main] [34mINFO [0;39m [36mo.s.c.s.PostProcessorRegistrationDelegate$BeanPostProcessorChecker:376[0;39m - Bean 'spring.redis-org.springframework.boot.autoconfigure.data.redis.RedisProperties' of type [org.springframework.boot.autoconfigure.data.redis.RedisProperties] is not eligible for getting processed by all BeanPostProcessors (for example: not eligible for auto-proxying)
2022-12-02 10:52:07.658 [main] [34mINFO [0;39m [36mo.s.c.s.PostProcessorRegistrationDelegate$BeanPostProcessorChecker:376[0;39m - Bean 'org.springframework.boot.autoconfigure.data.redis.LettuceConnectionConfiguration' of type [org.springframework.boot.autoconfigure.data.redis.LettuceConnectionConfiguration] is not eligible for getting processed by all BeanPostProcessors (for example: not eligible for auto-proxying)
2022-12-02 10:52:07.723 [main] [34mINFO [0;39m [36mo.s.c.s.PostProcessorRegistrationDelegate$BeanPostProcessorChecker:376[0;39m - Bean 'org.springframework.boot.actuate.autoconfigure.metrics.redis.LettuceMetricsAutoConfiguration' of type [org.springframework.boot.actuate.autoconfigure.metrics.redis.LettuceMetricsAutoConfiguration] is not eligible for getting processed by all BeanPostProcessors (for example: not eligible for auto-proxying)
2022-12-02 10:52:07.724 [main] [34mINFO [0;39m [36mo.s.c.s.PostProcessorRegistrationDelegate$BeanPostProcessorChecker:376[0;39m - Bean 'org.springframework.boot.actuate.autoconfigure.metrics.export.prometheus.PrometheusMetricsExportAutoConfiguration' of type [org.springframework.boot.actuate.autoconfigure.metrics.export.prometheus.PrometheusMetricsExportAutoConfiguration] is not eligible for getting processed by all BeanPostProcessors (for example: not eligible for auto-proxying)
2022-12-02 10:52:07.730 [main] [34mINFO [0;39m [36mo.s.c.s.PostProcessorRegistrationDelegate$BeanPostProcessorChecker:376[0;39m - Bean 'management.metrics.export.prometheus-org.springframework.boot.actuate.autoconfigure.metrics.export.prometheus.PrometheusProperties' of type [org.springframework.boot.actuate.autoconfigure.metrics.export.prometheus.PrometheusProperties] is not eligible for getting processed by all BeanPostProcessors (for example: not eligible for auto-proxying)
2022-12-02 10:52:07.732 [main] [34mINFO [0;39m [36mo.s.c.s.PostProcessorRegistrationDelegate$BeanPostProcessorChecker:376[0;39m - Bean 'prometheusConfig' of type [org.springframework.boot.actuate.autoconfigure.metrics.export.prometheus.PrometheusPropertiesConfigAdapter] is not eligible for getting processed by all BeanPostProcessors (for example: not eligible for auto-proxying)
2022-12-02 10:52:07.734 [main] [34mINFO [0;39m [36mo.s.c.s.PostProcessorRegistrationDelegate$BeanPostProcessorChecker:376[0;39m - Bean 'collectorRegistry' of type [io.prometheus.client.CollectorRegistry] is not eligible for getting processed by all BeanPostProcessors (for example: not eligible for auto-proxying)
2022-12-02 10:52:07.736 [main] [34mINFO [0;39m [36mo.s.c.s.PostProcessorRegistrationDelegate$BeanPostProcessorChecker:376[0;39m - Bean 'org.springframework.boot.actuate.autoconfigure.metrics.MetricsAutoConfiguration' of type [org.springframework.boot.actuate.autoconfigure.metrics.MetricsAutoConfiguration] is not eligible for getting processed by all BeanPostProcessors (for example: not eligible for auto-proxying)
2022-12-02 10:52:07.737 [main] [34mINFO [0;39m [36mo.s.c.s.PostProcessorRegistrationDelegate$BeanPostProcessorChecker:376[0;39m - Bean 'micrometerClock' of type [io.micrometer.core.instrument.Clock$1] is not eligible for getting processed by all BeanPostProcessors (for example: not eligible for auto-proxying)
2022-12-02 10:52:07.761 [main] [34mINFO [0;39m [36mo.s.c.s.PostProcessorRegistrationDelegate$BeanPostProcessorChecker:376[0;39m - Bean 'prometheusMeterRegistry' of type [io.micrometer.prometheus.PrometheusMeterRegistry] is not eligible for getting processed by all BeanPostProcessors (for example: not eligible for auto-proxying)
2022-12-02 10:52:07.764 [main] [34mINFO [0;39m [36mo.s.c.s.PostProcessorRegistrationDelegate$BeanPostProcessorChecker:376[0;39m - Bean 'lettuceMetrics' of type [org.springframework.boot.actuate.autoconfigure.metrics.redis.LettuceMetricsAutoConfiguration$$Lambda$438/1446922577] is not eligible for getting processed by all BeanPostProcessors (for example: not eligible for auto-proxying)
2022-12-02 10:52:07.863 [main] [34mINFO [0;39m [36mo.s.c.s.PostProcessorRegistrationDelegate$BeanPostProcessorChecker:376[0;39m - Bean 'lettuceClientResources' of type [io.lettuce.core.resource.DefaultClientResources] is not eligible for getting processed by all BeanPostProcessors (for example: not eligible for auto-proxying)
2022-12-02 10:52:07.930 [main] [34mINFO [0;39m [36mo.s.c.s.PostProcessorRegistrationDelegate$BeanPostProcessorChecker:376[0;39m - Bean 'redisConnectionFactory' of type [org.springframework.data.redis.connection.lettuce.LettuceConnectionFactory] is not eligible for getting processed by all BeanPostProcessors (for example: not eligible for auto-proxying)
2022-12-02 10:52:07.933 [main] [34mINFO [0;39m [36mo.s.c.s.PostProcessorRegistrationDelegate$BeanPostProcessorChecker:376[0;39m - Bean 'jeecgBaseConfig' of type [org.jeecg.config.JeecgBaseConfig] is not eligible for getting processed by all BeanPostProcessors (for example: not eligible for auto-proxying)
2022-12-02 10:52:07.934 [main] [34mINFO [0;39m [36mo.s.c.s.PostProcessorRegistrationDelegate$BeanPostProcessorChecker:376[0;39m - Bean 'shiroConfig' of type [org.jeecg.config.shiro.ShiroConfig$$EnhancerBySpringCGLIB$$5c8ae7a6] is not eligible for getting processed by all BeanPostProcessors (for example: not eligible for auto-proxying)
2022-12-02 10:52:08.179 [main] [34mINFO [0;39m [36mo.s.c.s.PostProcessorRegistrationDelegate$BeanPostProcessorChecker:376[0;39m - Bean 'spring.datasource.dynamic-com.baomidou.dynamic.datasource.spring.boot.autoconfigure.DynamicDataSourceProperties' of type [com.baomidou.dynamic.datasource.spring.boot.autoconfigure.DynamicDataSourceProperties] is not eligible for getting processed by all BeanPostProcessors (for example: not eligible for auto-proxying)
2022-12-02 10:52:08.184 [main] [34mINFO [0;39m [36mo.s.c.s.PostProcessorRegistrationDelegate$BeanPostProcessorChecker:376[0;39m - Bean 'com.baomidou.dynamic.datasource.spring.boot.autoconfigure.DynamicDataSourceAutoConfiguration' of type [com.baomidou.dynamic.datasource.spring.boot.autoconfigure.DynamicDataSourceAutoConfiguration$$EnhancerBySpringCGLIB$$66dd107e] is not eligible for getting processed by all BeanPostProcessors (for example: not eligible for auto-proxying)
2022-12-02 10:52:08.191 [main] [34mINFO [0;39m [36mo.s.c.s.PostProcessorRegistrationDelegate$BeanPostProcessorChecker:376[0;39m - Bean 'dsProcessor' of type [com.baomidou.dynamic.datasource.processor.DsHeaderProcessor] is not eligible for getting processed by all BeanPostProcessors (for example: not eligible for auto-proxying)
2022-12-02 10:52:08.226 [main] [34mINFO [0;39m [36mo.s.c.s.PostProcessorRegistrationDelegate$BeanPostProcessorChecker:376[0;39m - Bean 'shiroRealm' of type [org.jeecg.config.shiro.ShiroRealm] is not eligible for getting processed by all BeanPostProcessors (for example: not eligible for auto-proxying)
2022-12-02 10:52:08.293 [main] [34mINFO [0;39m [36morg.jeecg.config.shiro.ShiroConfig:227[0;39m - ===============(1)创建缓存管理器RedisCacheManager
2022-12-02 10:52:08.296 [main] [34mINFO [0;39m [36morg.jeecg.config.shiro.ShiroConfig:245[0;39m - ===============(2)创建RedisManager,连接Redis..
2022-12-02 10:52:08.301 [main] [34mINFO [0;39m [36mo.s.c.s.PostProcessorRegistrationDelegate$BeanPostProcessorChecker:376[0;39m - Bean 'redisManager' of type [org.crazycake.shiro.RedisManager] is not eligible for getting processed by all BeanPostProcessors (for example: not eligible for auto-proxying)
2022-12-02 10:52:08.308 [main] [34mINFO [0;39m [36mo.s.c.s.PostProcessorRegistrationDelegate$BeanPostProcessorChecker:376[0;39m - Bean 'securityManager' of type [org.apache.shiro.web.mgt.DefaultWebSecurityManager] is not eligible for getting processed by all BeanPostProcessors (for example: not eligible for auto-proxying)
2022-12-02 10:52:08.331 [main] [34mINFO [0;39m [36mo.s.c.s.PostProcessorRegistrationDelegate$BeanPostProcessorChecker:376[0;39m - Bean 'authorizationAttributeSourceAdvisor' of type [org.apache.shiro.spring.security.interceptor.AuthorizationAttributeSourceAdvisor] is not eligible for getting processed by all BeanPostProcessors (for example: not eligible for auto-proxying)
2022-12-02 10:52:08.457 [main] [34mINFO [0;39m [36mo.s.c.s.PostProcessorRegistrationDelegate$BeanPostProcessorChecker:376[0;39m - Bean 'org.apache.shiro.spring.boot.autoconfigure.ShiroBeanAutoConfiguration' of type [org.apache.shiro.spring.boot.autoconfigure.ShiroBeanAutoConfiguration$$EnhancerBySpringCGLIB$$10677d5d] is not eligible for getting processed by all BeanPostProcessors (for example: not eligible for auto-proxying)
2022-12-02 10:52:08.461 [main] [34mINFO [0;39m [36mo.s.c.s.PostProcessorRegistrationDelegate$BeanPostProcessorChecker:376[0;39m - Bean 'eventBus' of type [org.apache.shiro.event.support.DefaultEventBus] is not eligible for getting processed by all BeanPostProcessors (for example: not eligible for auto-proxying)
2022-12-02 10:52:08.712 [main] [34mINFO [0;39m [36mo.s.boot.web.embedded.tomcat.TomcatWebServer:108[0;39m - Tomcat initialized with port(s): 10499 (http)
2022-12-02 10:52:08.722 [main] [34mINFO [0;39m [36morg.apache.coyote.http11.Http11NioProtocol:173[0;39m - Initializing ProtocolHandler ["http-nio-10499"]
2022-12-02 10:52:08.723 [main] [34mINFO [0;39m [36morg.apache.catalina.core.StandardService:173[0;39m - Starting service [Tomcat]
2022-12-02 10:52:08.723 [main] [34mINFO [0;39m [36morg.apache.catalina.core.StandardEngine:173[0;39m - Starting Servlet engine: [Apache Tomcat/9.0.60]
2022-12-02 10:52:08.767 [main] [34mINFO [0;39m [36mo.a.c.c.C.[Tomcat].[localhost].[/jeecg-boot]:173[0;39m - Initializing Spring embedded WebApplicationContext
2022-12-02 10:52:08.767 [main] [34mINFO [0;39m [36mo.s.b.w.s.c.ServletWebServerApplicationContext:290[0;39m - Root WebApplicationContext: initialization completed in 3194 ms
2022-12-02 10:52:08.806 [main] [34mINFO [0;39m [36mo.j.m.jmreport.config.init.JimuReportConfiguration:99[0;39m -  Init JimuReport Config [ Token Interceptor & Resource Locations ] 
2022-12-02 10:52:09.411 [main] [34mINFO [0;39m [36mcom.alibaba.druid.pool.DruidDataSource:994[0;39m - {dataSource-1,master} inited
2022-12-02 10:52:09.412 [main] [34mINFO [0;39m [36mc.b.dynamic.datasource.DynamicRoutingDataSource:132[0;39m - dynamic-datasource - load a datasource named [master] success
2022-12-02 10:52:09.412 [main] [34mINFO [0;39m [36mc.b.dynamic.datasource.DynamicRoutingDataSource:237[0;39m - dynamic-datasource initial loaded [1] datasource,primary datasource named [master]
2022-12-02 10:52:10.731 [main] [34mINFO [0;39m [36morg.jeecg.common.modules.redis.config.RedisConfig:56[0;39m -  --- redis config init --- 
2022-12-02 10:52:11.581 [main] [34mINFO [0;39m [36morg.quartz.impl.StdSchedulerFactory:1220[0;39m - Using default implementation for ThreadExecutor
2022-12-02 10:52:11.584 [main] [34mINFO [0;39m [36morg.quartz.simpl.SimpleThreadPool:268[0;39m - Job execution threads will use class loader of thread: main
2022-12-02 10:52:11.601 [main] [34mINFO [0;39m [36morg.quartz.core.SchedulerSignalerImpl:61[0;39m - Initialized Scheduler Signaller of type: class org.quartz.core.SchedulerSignalerImpl
2022-12-02 10:52:11.602 [main] [34mINFO [0;39m [36morg.quartz.core.QuartzScheduler:229[0;39m - Quartz Scheduler v.2.3.2 created.
2022-12-02 10:52:11.604 [main] [34mINFO [0;39m [36mo.s.scheduling.quartz.LocalDataSourceJobStore:672[0;39m - Using db table-based data access locking (synchronization).
2022-12-02 10:52:11.606 [main] [34mINFO [0;39m [36mo.s.scheduling.quartz.LocalDataSourceJobStore:145[0;39m - JobStoreCMT initialized.
2022-12-02 10:52:11.607 [main] [34mINFO [0;39m [36morg.quartz.core.QuartzScheduler:294[0;39m - Scheduler meta-data: Quartz Scheduler (v2.3.2) 'MyScheduler' with instanceId 'localhost.localdomain1669949531583'
  Scheduler class: 'org.quartz.core.QuartzScheduler' - running locally.
  NOT STARTED.
  Currently in standby mode.
  Number of jobs executed: 0
  Using thread pool 'org.quartz.simpl.SimpleThreadPool' - with 10 threads.
  Using job-store 'org.springframework.scheduling.quartz.LocalDataSourceJobStore' - which supports persistence. and is clustered.

2022-12-02 10:52:11.608 [main] [34mINFO [0;39m [36morg.quartz.impl.StdSchedulerFactory:1374[0;39m - Quartz scheduler 'MyScheduler' initialized from an externally provided properties instance.
2022-12-02 10:52:11.608 [main] [34mINFO [0;39m [36morg.quartz.impl.StdSchedulerFactory:1378[0;39m - Quartz scheduler version: 2.3.2
2022-12-02 10:52:11.608 [main] [34mINFO [0;39m [36morg.quartz.core.QuartzScheduler:2293[0;39m - JobFactory set to: org.springframework.scheduling.quartz.SpringBeanJobFactory@ec2bf82
2022-12-02 10:52:11.729 [main] [34mINFO [0;39m [36morg.mongodb.driver.cluster:71[0;39m - Cluster created with settings {hosts=[localhost:27017], mode=SINGLE, requiredClusterType=UNKNOWN, serverSelectionTimeout='30000 ms'}
2022-12-02 10:52:11.773 [cluster-ClusterId{value='6389685bb6a97a216bb7265d', description='null'}-localhost:27017] [34mINFO [0;39m [36morg.mongodb.driver.cluster:76[0;39m - Exception in monitor thread while connecting to server localhost:27017
com.mongodb.MongoSocketOpenException: Exception opening socket
	at com.mongodb.internal.connection.SocketStream.open(SocketStream.java:70)
	at com.mongodb.internal.connection.InternalStreamConnection.open(InternalStreamConnection.java:180)
	at com.mongodb.internal.connection.DefaultServerMonitor$ServerMonitorRunnable.lookupServerDescription(DefaultServerMonitor.java:188)
	at com.mongodb.internal.connection.DefaultServerMonitor$ServerMonitorRunnable.run(DefaultServerMonitor.java:152)
	at java.lang.Thread.run(Thread.java:748)
Caused by: java.net.ConnectException: Connection refused (Connection refused)
	at java.net.PlainSocketImpl.socketConnect(Native Method)
	at java.net.AbstractPlainSocketImpl.doConnect(AbstractPlainSocketImpl.java:350)
	at java.net.AbstractPlainSocketImpl.connectToAddress(AbstractPlainSocketImpl.java:206)
	at java.net.AbstractPlainSocketImpl.connect(AbstractPlainSocketImpl.java:188)
	at java.net.SocksSocketImpl.connect(SocksSocketImpl.java:392)
	at java.net.Socket.connect(Socket.java:607)
	at com.mongodb.internal.connection.SocketStreamHelper.initialize(SocketStreamHelper.java:107)
	at com.mongodb.internal.connection.SocketStream.initializeSocket(SocketStream.java:79)
	at com.mongodb.internal.connection.SocketStream.open(SocketStream.java:65)
	... 4 common frames omitted
2022-12-02 10:52:13.384 [main] [31mWARN [0;39m [36mo.s.b.w.s.c.AnnotationConfigServletWebServerApplicationContext:591[0;39m - Exception encountered during context initialization - cancelling refresh attempt: org.springframework.beans.factory.BeanCreationException: Error creating bean with name 'rtkInitConfig': Invocation of init method failed; nested exception is org.springframework.data.redis.RedisConnectionFailureException: Unable to connect to Redis; nested exception is org.springframework.data.redis.connection.PoolException: Could not get a resource from the pool; nested exception is io.lettuce.core.RedisConnectionException: Unable to connect to 127.0.0.1:6379
2022-12-02 10:52:13.389 [main] [34mINFO [0;39m [36mo.s.scheduling.quartz.SchedulerFactoryBean:847[0;39m - Shutting down Quartz Scheduler
2022-12-02 10:52:13.389 [main] [34mINFO [0;39m [36morg.quartz.core.QuartzScheduler:666[0;39m - Scheduler MyScheduler_$_localhost.localdomain1669949531583 shutting down.
2022-12-02 10:52:13.389 [main] [34mINFO [0;39m [36morg.quartz.core.QuartzScheduler:585[0;39m - Scheduler MyScheduler_$_localhost.localdomain1669949531583 paused.
2022-12-02 10:52:13.390 [main] [34mINFO [0;39m [36morg.quartz.core.QuartzScheduler:740[0;39m - Scheduler MyScheduler_$_localhost.localdomain1669949531583 shutdown complete.
2022-12-02 10:52:13.394 [main] [34mINFO [0;39m [36mc.b.dynamic.datasource.DynamicRoutingDataSource:217[0;39m - dynamic-datasource start closing ....
2022-12-02 10:52:13.397 [main] [34mINFO [0;39m [36mcom.alibaba.druid.pool.DruidDataSource:2029[0;39m - {dataSource-1} closing ...
2022-12-02 10:52:13.403 [main] [34mINFO [0;39m [36mcom.alibaba.druid.pool.DruidDataSource:2101[0;39m - {dataSource-1} closed
2022-12-02 10:52:13.403 [main] [34mINFO [0;39m [36mc.b.dynamic.datasource.DynamicRoutingDataSource:221[0;39m - dynamic-datasource all closed success,bye
2022-12-02 10:52:13.564 [main] [34mINFO [0;39m [36morg.apache.catalina.core.StandardService:173[0;39m - Stopping service [Tomcat]
2022-12-02 10:52:13.575 [main] [34mINFO [0;39m [36mo.s.b.a.l.ConditionEvaluationReportLoggingListener:136[0;39m - 

Error starting ApplicationContext. To display the conditions report re-run your application with 'debug' enabled.
2022-12-02 10:52:13.601 [main] [1;31mERROR[0;39m [36morg.springframework.boot.SpringApplication:830[0;39m - Application run failed
org.springframework.beans.factory.BeanCreationException: Error creating bean with name 'rtkInitConfig': Invocation of init method failed; nested exception is org.springframework.data.redis.RedisConnectionFailureException: Unable to connect to Redis; nested exception is org.springframework.data.redis.connection.PoolException: Could not get a resource from the pool; nested exception is io.lettuce.core.RedisConnectionException: Unable to connect to 127.0.0.1:6379
	at org.springframework.beans.factory.annotation.InitDestroyAnnotationBeanPostProcessor.postProcessBeforeInitialization(InitDestroyAnnotationBeanPostProcessor.java:160)
	at org.springframework.beans.factory.support.AbstractAutowireCapableBeanFactory.applyBeanPostProcessorsBeforeInitialization(AbstractAutowireCapableBeanFactory.java:440)
	at org.springframework.beans.factory.support.AbstractAutowireCapableBeanFactory.initializeBean(AbstractAutowireCapableBeanFactory.java:1796)
	at org.springframework.beans.factory.support.AbstractAutowireCapableBeanFactory.doCreateBean(AbstractAutowireCapableBeanFactory.java:620)
	at org.springframework.beans.factory.support.AbstractAutowireCapableBeanFactory.createBean(AbstractAutowireCapableBeanFactory.java:542)
	at org.springframework.beans.factory.support.AbstractBeanFactory.lambda$doGetBean$0(AbstractBeanFactory.java:335)
	at org.springframework.beans.factory.support.DefaultSingletonBeanRegistry.getSingleton(DefaultSingletonBeanRegistry.java:234)
	at org.springframework.beans.factory.support.AbstractBeanFactory.doGetBean(AbstractBeanFactory.java:333)
	at org.springframework.beans.factory.support.AbstractBeanFactory.getBean(AbstractBeanFactory.java:208)
	at org.springframework.beans.factory.support.DefaultListableBeanFactory.preInstantiateSingletons(DefaultListableBeanFactory.java:953)
	at org.springframework.context.support.AbstractApplicationContext.finishBeanFactoryInitialization(AbstractApplicationContext.java:918)
	at org.springframework.context.support.AbstractApplicationContext.refresh(AbstractApplicationContext.java:583)
	at org.springframework.boot.web.servlet.context.ServletWebServerApplicationContext.refresh(ServletWebServerApplicationContext.java:145)
	at org.springframework.boot.SpringApplication.refresh(SpringApplication.java:740)
	at org.springframework.boot.SpringApplication.refreshContext(SpringApplication.java:415)
	at org.springframework.boot.SpringApplication.run(SpringApplication.java:303)
	at org.springframework.boot.SpringApplication.run(SpringApplication.java:1312)
	at org.springframework.boot.SpringApplication.run(SpringApplication.java:1301)
	at org.jeecg.JeecgSystemApplication.main(JeecgSystemApplication.java:44)
	at sun.reflect.NativeMethodAccessorImpl.invoke0(Native Method)
	at sun.reflect.NativeMethodAccessorImpl.invoke(NativeMethodAccessorImpl.java:62)
	at sun.reflect.DelegatingMethodAccessorImpl.invoke(DelegatingMethodAccessorImpl.java:43)
	at java.lang.reflect.Method.invoke(Method.java:498)
	at org.springframework.boot.loader.MainMethodRunner.run(MainMethodRunner.java:49)
	at org.springframework.boot.loader.Launcher.launch(Launcher.java:108)
	at org.springframework.boot.loader.Launcher.launch(Launcher.java:58)
	at org.springframework.boot.loader.JarLauncher.main(JarLauncher.java:88)
Caused by: org.springframework.data.redis.RedisConnectionFailureException: Unable to connect to Redis; nested exception is org.springframework.data.redis.connection.PoolException: Could not get a resource from the pool; nested exception is io.lettuce.core.RedisConnectionException: Unable to connect to 127.0.0.1:6379
	at org.springframework.data.redis.connection.lettuce.LettuceConnectionFactory$ExceptionTranslatingConnectionProvider.translateException(LettuceConnectionFactory.java:1689)
	at org.springframework.data.redis.connection.lettuce.LettuceConnectionFactory$ExceptionTranslatingConnectionProvider.getConnection(LettuceConnectionFactory.java:1597)
	at org.springframework.data.redis.connection.lettuce.LettuceConnectionFactory$SharedConnection.getNativeConnection(LettuceConnectionFactory.java:1383)
	at org.springframework.data.redis.connection.lettuce.LettuceConnectionFactory$SharedConnection.getConnection(LettuceConnectionFactory.java:1366)
	at org.springframework.data.redis.connection.lettuce.LettuceConnectionFactory.getSharedConnection(LettuceConnectionFactory.java:1093)
	at org.springframework.data.redis.connection.lettuce.LettuceConnectionFactory.getConnection(LettuceConnectionFactory.java:421)
	at org.springframework.data.redis.core.RedisConnectionUtils.fetchConnection(RedisConnectionUtils.java:193)
	at org.springframework.data.redis.core.RedisConnectionUtils.doGetConnection(RedisConnectionUtils.java:144)
	at org.springframework.data.redis.core.RedisConnectionUtils.getConnection(RedisConnectionUtils.java:105)
	at org.springframework.data.redis.core.RedisTemplate.execute(RedisTemplate.java:210)
	at org.springframework.data.redis.core.RedisTemplate.execute(RedisTemplate.java:190)
	at org.springframework.data.redis.core.AbstractOperations.execute(AbstractOperations.java:97)
	at org.springframework.data.redis.core.DefaultValueOperations.get(DefaultValueOperations.java:54)
	at org.jeecg.common.util.RedisUtil.get(RedisUtil.java:93)
	at org.jeecg.config.init.RtkInitConfig.init(RtkInitConfig.java:56)
	at sun.reflect.NativeMethodAccessorImpl.invoke0(Native Method)
	at sun.reflect.NativeMethodAccessorImpl.invoke(NativeMethodAccessorImpl.java:62)
	at sun.reflect.DelegatingMethodAccessorImpl.invoke(DelegatingMethodAccessorImpl.java:43)
	at java.lang.reflect.Method.invoke(Method.java:498)
	at org.springframework.beans.factory.annotation.InitDestroyAnnotationBeanPostProcessor$LifecycleElement.invoke(InitDestroyAnnotationBeanPostProcessor.java:389)
	at org.springframework.beans.factory.annotation.InitDestroyAnnotationBeanPostProcessor$LifecycleMetadata.invokeInitMethods(InitDestroyAnnotationBeanPostProcessor.java:333)
	at org.springframework.beans.factory.annotation.InitDestroyAnnotationBeanPostProcessor.postProcessBeforeInitialization(InitDestroyAnnotationBeanPostProcessor.java:157)
	... 26 common frames omitted
Caused by: org.springframework.data.redis.connection.PoolException: Could not get a resource from the pool; nested exception is io.lettuce.core.RedisConnectionException: Unable to connect to 127.0.0.1:6379
	at org.springframework.data.redis.connection.lettuce.LettucePoolingConnectionProvider.getConnection(LettucePoolingConnectionProvider.java:109)
	at org.springframework.data.redis.connection.lettuce.LettuceConnectionFactory$ExceptionTranslatingConnectionProvider.getConnection(LettuceConnectionFactory.java:1595)
	... 46 common frames omitted
Caused by: io.lettuce.core.RedisConnectionException: Unable to connect to 127.0.0.1:6379
	at io.lettuce.core.RedisConnectionException.create(RedisConnectionException.java:78)
	at io.lettuce.core.RedisConnectionException.create(RedisConnectionException.java:56)
	at io.lettuce.core.AbstractRedisClient.getConnection(AbstractRedisClient.java:330)
	at io.lettuce.core.RedisClient.connect(RedisClient.java:216)
	at org.springframework.data.redis.connection.lettuce.StandaloneConnectionProvider.lambda$getConnection$1(StandaloneConnectionProvider.java:115)
	at java.util.Optional.orElseGet(Optional.java:267)
	at org.springframework.data.redis.connection.lettuce.StandaloneConnectionProvider.getConnection(StandaloneConnectionProvider.java:115)
	at org.springframework.data.redis.connection.lettuce.LettucePoolingConnectionProvider.lambda$null$0(LettucePoolingConnectionProvider.java:97)
	at io.lettuce.core.support.ConnectionPoolSupport$RedisPooledObjectFactory.create(ConnectionPoolSupport.java:211)
	at io.lettuce.core.support.ConnectionPoolSupport$RedisPooledObjectFactory.create(ConnectionPoolSupport.java:201)
	at org.apache.commons.pool2.BasePooledObjectFactory.makeObject(BasePooledObjectFactory.java:70)
	at org.apache.commons.pool2.impl.GenericObjectPool.create(GenericObjectPool.java:571)
	at org.apache.commons.pool2.impl.GenericObjectPool.borrowObject(GenericObjectPool.java:298)
	at org.apache.commons.pool2.impl.GenericObjectPool.borrowObject(GenericObjectPool.java:223)
	at io.lettuce.core.support.ConnectionPoolSupport$1.borrowObject(ConnectionPoolSupport.java:122)
	at io.lettuce.core.support.ConnectionPoolSupport$1.borrowObject(ConnectionPoolSupport.java:117)
	at org.springframework.data.redis.connection.lettuce.LettucePoolingConnectionProvider.getConnection(LettucePoolingConnectionProvider.java:103)
	... 47 common frames omitted
Caused by: io.lettuce.core.RedisCommandExecutionException: NOAUTH HELLO must be called with the client already authenticated, otherwise the HELLO AUTH <user> <pass> option can be used to authenticate the client and select the RESP protocol version at the same time
	at io.lettuce.core.internal.ExceptionFactory.createExecutionException(ExceptionFactory.java:147)
	at io.lettuce.core.internal.ExceptionFactory.createExecutionException(ExceptionFactory.java:116)
	at io.lettuce.core.protocol.AsyncCommand.completeResult(AsyncCommand.java:120)
	at io.lettuce.core.protocol.AsyncCommand.complete(AsyncCommand.java:111)
	at io.lettuce.core.protocol.CommandWrapper.complete(CommandWrapper.java:63)
	at io.lettuce.core.protocol.CommandHandler.complete(CommandHandler.java:746)
	at io.lettuce.core.protocol.CommandHandler.decode(CommandHandler.java:681)
	at io.lettuce.core.protocol.CommandHandler.channelRead(CommandHandler.java:598)
	at io.netty.channel.AbstractChannelHandlerContext.invokeChannelRead(AbstractChannelHandlerContext.java:379)
	at io.netty.channel.AbstractChannelHandlerContext.invokeChannelRead(AbstractChannelHandlerContext.java:365)
	at io.netty.channel.AbstractChannelHandlerContext.fireChannelRead(AbstractChannelHandlerContext.java:357)
	at io.netty.channel.DefaultChannelPipeline$HeadContext.channelRead(DefaultChannelPipeline.java:1410)
	at io.netty.channel.AbstractChannelHandlerContext.invokeChannelRead(AbstractChannelHandlerContext.java:379)
	at io.netty.channel.AbstractChannelHandlerContext.invokeChannelRead(AbstractChannelHandlerContext.java:365)
	at io.netty.channel.DefaultChannelPipeline.fireChannelRead(DefaultChannelPipeline.java:919)
	at io.netty.channel.nio.AbstractNioByteChannel$NioByteUnsafe.read(AbstractNioByteChannel.java:166)
	at io.netty.channel.nio.NioEventLoop.processSelectedKey(NioEventLoop.java:722)
	at io.netty.channel.nio.NioEventLoop.processSelectedKeysOptimized(NioEventLoop.java:658)
	at io.netty.channel.nio.NioEventLoop.processSelectedKeys(NioEventLoop.java:584)
	at io.netty.channel.nio.NioEventLoop.run(NioEventLoop.java:496)
	at io.netty.util.concurrent.SingleThreadEventExecutor$4.run(SingleThreadEventExecutor.java:986)
	at io.netty.util.internal.ThreadExecutorMap$2.run(ThreadExecutorMap.java:74)
	at io.netty.util.concurrent.FastThreadLocalRunnable.run(FastThreadLocalRunnable.java:30)
	at java.lang.Thread.run(Thread.java:748)
